# JRE version: OpenJDK Runtime Environment (8.0_202-b03) (build 1.8.0_202-release-1483-b03)
# Java VM: OpenJDK 64-Bit Server VM (25.202-b03 mixed mode windows-amd64 compressed oops)
Heap:
 PSYoungGen      total 109056K, used 53670K [0x00000000e0000000, 0x00000000e8500000, 0x0000000100000000)
  eden space 102400K, 46% used [0x00000000e0000000,0x00000000e2e219a0,0x00000000e6400000)
  from space 6656K, 96% used [0x00000000e6680000,0x00000000e6cc8040,0x00000000e6d00000)
  to   space 16896K, 0% used [0x00000000e7480000,0x00000000e7480000,0x00000000e8500000)
 ParOldGen       total 133120K, used 49749K [0x00000000a0000000, 0x00000000a8200000, 0x00000000e0000000)
  object space 133120K, 37% used [0x00000000a0000000,0x00000000a30955e0,0x00000000a8200000)
 Metaspace       used 71164K, capacity 73864K, committed 74200K, reserved 1114112K
  class space    used 9307K, capacity 9859K, committed 9984K, reserved 1048576K
GC Heap History (10 events):
Event: 1395.712 GC heap before
{Heap before GC invocations=18 (full 3):
 PSYoungGen      total 125440K, used 125107K [0x00000000e0000000, 0x00000000e9480000, 0x0000000100000000)
  eden space 116224K, 100% used [0x00000000e0000000,0x00000000e7180000,0x00000000e7180000)
  from space 9216K, 96% used [0x00000000e8b80000,0x00000000e942cfe0,0x00000000e9480000)
  to   space 13824K, 0% used [0x00000000e7980000,0x00000000e7980000,0x00000000e8700000)
 ParOldGen       total 133120K, used 32372K [0x00000000a0000000, 0x00000000a8200000, 0x00000000e0000000)
  object space 133120K, 24% used [0x00000000a0000000,0x00000000a1f9d290,0x00000000a8200000)
 Metaspace       used 65339K, capacity 67364K, committed 67672K, reserved 1107968K
  class space    used 8557K, capacity 9027K, committed 9088K, reserved 1048576K
Event: 1395.724 GC heap after
Heap after GC invocations=18 (full 3):
 PSYoungGen      total 126976K, used 13794K [0x00000000e0000000, 0x00000000e8c80000, 0x0000000100000000)
  eden space 113152K, 0% used [0x00000000e0000000,0x00000000e0000000,0x00000000e6e80000)
  from space 13824K, 99% used [0x00000000e7980000,0x00000000e86f8930,0x00000000e8700000)
  to   space 5632K, 0% used [0x00000000e8700000,0x00000000e8700000,0x00000000e8c80000)
 ParOldGen       total 133120K, used 32990K [0x00000000a0000000, 0x00000000a8200000, 0x00000000e0000000)
  object space 133120K, 24% used [0x00000000a0000000,0x00000000a2037b30,0x00000000a8200000)
 Metaspace       used 65339K, capacity 67364K, committed 67672K, reserved 1107968K
  class space    used 8557K, capacity 9027K, committed 9088K, reserved 1048576K
}
Event: 1401.347 GC heap before
{Heap before GC invocations=19 (full 3):
 PSYoungGen      total 126976K, used 126946K [0x00000000e0000000, 0x00000000e8c80000, 0x0000000100000000)
  eden space 113152K, 100% used [0x00000000e0000000,0x00000000e6e80000,0x00000000e6e80000)
  from space 13824K, 99% used [0x00000000e7980000,0x00000000e86f8930,0x00000000e8700000)
  to   space 5632K, 0% used [0x00000000e8700000,0x00000000e8700000,0x00000000e8c80000)
 ParOldGen       total 133120K, used 32990K [0x00000000a0000000, 0x00000000a8200000, 0x00000000e0000000)
  object space 133120K, 24% used [0x00000000a0000000,0x00000000a2037b30,0x00000000a8200000)
 Metaspace       used 68626K, capacity 70982K, committed 71256K, reserved 1112064K
  class space    used 9032K, capacity 9566K, committed 9600K, reserved 1048576K
Event: 1401.382 GC heap after
Heap after GC invocations=19 (full 3):
 PSYoungGen      total 115712K, used 5618K [0x00000000e0000000, 0x00000000e8f80000, 0x0000000100000000)
  eden space 110080K, 0% used [0x00000000e0000000,0x00000000e0000000,0x00000000e6b80000)
  from space 5632K, 99% used [0x00000000e8700000,0x00000000e8c7c910,0x00000000e8c80000)
  to   space 18432K, 0% used [0x00000000e6b80000,0x00000000e6b80000,0x00000000e7d80000)
 ParOldGen       total 133120K, used 45567K [0x00000000a0000000, 0x00000000a8200000, 0x00000000e0000000)
  object space 133120K, 34% used [0x00000000a0000000,0x00000000a2c7fe78,0x00000000a8200000)
 Metaspace       used 68626K, capacity 70982K, committed 71256K, reserved 1112064K
  class space    used 9032K, capacity 9566K, committed 9600K, reserved 1048576K
}
Event: 1421.398 GC heap before
{Heap before GC invocations=20 (full 3):
 PSYoungGen      total 115712K, used 115698K [0x00000000e0000000, 0x00000000e8f80000, 0x0000000100000000)
  eden space 110080K, 100% used [0x00000000e0000000,0x00000000e6b80000,0x00000000e6b80000)
  from space 5632K, 99% used [0x00000000e8700000,0x00000000e8c7c910,0x00000000e8c80000)
  to   space 18432K, 0% used [0x00000000e6b80000,0x00000000e6b80000,0x00000000e7d80000)
 ParOldGen       total 133120K, used 45567K [0x00000000a0000000, 0x00000000a8200000, 0x00000000e0000000)
  object space 133120K, 34% used [0x00000000a0000000,0x00000000a2c7fe78,0x00000000a8200000)
 Metaspace       used 70418K, capacity 72980K, committed 73048K, reserved 1112064K
  class space    used 9281K, capacity 9813K, committed 9856K, reserved 1048576K
Event: 1421.410 GC heap after
Heap after GC invocations=20 (full 3):
 PSYoungGen      total 114688K, used 7110K [0x00000000e0000000, 0x00000000e8c00000, 0x0000000100000000)
  eden space 107520K, 0% used [0x00000000e0000000,0x00000000e0000000,0x00000000e6900000)
  from space 7168K, 99% used [0x00000000e6b80000,0x00000000e7271910,0x00000000e7280000)
  to   space 17920K, 0% used [0x00000000e7a80000,0x00000000e7a80000,0x00000000e8c00000)
 ParOldGen       total 133120K, used 49733K [0x00000000a0000000, 0x00000000a8200000, 0x00000000e0000000)
  object space 133120K, 37% used [0x00000000a0000000,0x00000000a30915e0,0x00000000a8200000)
 Metaspace       used 70418K, capacity 72980K, committed 73048K, reserved 1112064K
  class space    used 9281K, capacity 9813K, committed 9856K, reserved 1048576K
}
Event: 1511.919 GC heap before
{Heap before GC invocations=21 (full 3):
 PSYoungGen      total 114688K, used 114630K [0x00000000e0000000, 0x00000000e8c00000, 0x0000000100000000)
  eden space 107520K, 100% used [0x00000000e0000000,0x00000000e6900000,0x00000000e6900000)
  from space 7168K, 99% used [0x00000000e6b80000,0x00000000e7271910,0x00000000e7280000)
  to   space 17920K, 0% used [0x00000000e7a80000,0x00000000e7a80000,0x00000000e8c00000)
 ParOldGen       total 133120K, used 49733K [0x00000000a0000000, 0x00000000a8200000, 0x00000000e0000000)
  object space 133120K, 37% used [0x00000000a0000000,0x00000000a30915e0,0x00000000a8200000)
 Metaspace       used 70797K, capacity 73496K, committed 73560K, reserved 1114112K
  class space    used 9292K, capacity 9831K, committed 9856K, reserved 1048576K
Event: 1512.626 GC heap after
Heap after GC invocations=21 (full 3):
 PSYoungGen      total 119296K, used 7085K [0x00000000e0000000, 0x00000000e8880000, 0x0000000100000000)
  eden space 104960K, 0% used [0x00000000e0000000,0x00000000e0000000,0x00000000e6680000)
  from space 14336K, 49% used [0x00000000e7a80000,0x00000000e816b718,0x00000000e8880000)
  to   space 17408K, 0% used [0x00000000e6680000,0x00000000e6680000,0x00000000e7780000)
 ParOldGen       total 133120K, used 49741K [0x00000000a0000000, 0x00000000a8200000, 0x00000000e0000000)
  object space 133120K, 37% used [0x00000000a0000000,0x00000000a30935e0,0x00000000a8200000)
 Metaspace       used 70797K, capacity 73496K, committed 73560K, reserved 1114112K
  class space    used 9292K, capacity 9831K, committed 9856K, reserved 1048576K
}
Event: 1576.701 GC heap before
{Heap before GC invocations=22 (full 3):
 PSYoungGen      total 119296K, used 112045K [0x00000000e0000000, 0x00000000e8880000, 0x0000000100000000)
  eden space 104960K, 100% used [0x00000000e0000000,0x00000000e6680000,0x00000000e6680000)
  from space 14336K, 49% used [0x00000000e7a80000,0x00000000e816b718,0x00000000e8880000)
  to   space 17408K, 0% used [0x00000000e6680000,0x00000000e6680000,0x00000000e7780000)
 ParOldGen       total 133120K, used 49741K [0x00000000a0000000, 0x00000000a8200000, 0x00000000e0000000)
  object space 133120K, 37% used [0x00000000a0000000,0x00000000a30935e0,0x00000000a8200000)
 Metaspace       used 71096K, capacity 73784K, committed 73944K, reserved 1114112K
  class space    used 9306K, capacity 9857K, committed 9984K, reserved 1048576K
Event: 1576.830 GC heap after
Heap after GC invocations=22 (full 3):
 PSYoungGen      total 109056K, used 6432K [0x00000000e0000000, 0x00000000e8500000, 0x0000000100000000)
  eden space 102400K, 0% used [0x00000000e0000000,0x00000000e0000000,0x00000000e6400000)
  from space 6656K, 96% used [0x00000000e6680000,0x00000000e6cc8040,0x00000000e6d00000)
  to   space 16896K, 0% used [0x00000000e7480000,0x00000000e7480000,0x00000000e8500000)
 ParOldGen       total 133120K, used 49749K [0x00000000a0000000, 0x00000000a8200000, 0x00000000e0000000)
  object space 133120K, 37% used [0x00000000a0000000,0x00000000a30955e0,0x00000000a8200000)
 Metaspace       used 71096K, capacity 73784K, committed 73944K, reserved 1114112K
  class space    used 9306K, capacity 9857K, committed 9984K, reserved 1048576K
}

